<?xml version="1.0" encoding="UTF-8"?>
<!-- Generated by org.testng.reporters.JUnitReportReporter -->
<testsuite hostname="DESKTOP-A91OS38" failures="0" tests="1" name="com.automation.TestCases.VerifyOrangeLogin2" time="4.427" errors="0" timestamp="18 Apr 2021 00:35:48 GMT" skipped="0">
  <testcase classname="com.automation.TestCases.VerifyOrangeLogin2" name="VerifyValidLogin" time="4.427"/>
</testsuite> <!-- com.automation.TestCases.VerifyOrangeLogin2 -->
