<?xml version="1.0" encoding="UTF-8"?>
<!-- Generated by org.testng.reporters.JUnitReportReporter -->
<testsuite hostname="DESKTOP-A91OS38" failures="0" tests="1" name="com.automation.TestCases.VerifyOrangeLogin" time="9.872" errors="0" timestamp="09 Apr 2021 23:32:06 GMT" skipped="0">
  <testcase classname="com.automation.TestCases.VerifyOrangeLogin" name="VerifyValidLogin" time="9.872"/>
</testsuite> <!-- com.automation.TestCases.VerifyOrangeLogin -->
